{"C:\\Users\\mohit\\TwitterApp\\src\\controllers\\tweetController.js": {"path":"C:\\Users\\mohit\\TwitterApp\\src\\controllers\\tweetController.js","statementMap":{"0":{"start":{"line":10,"column":27},"end":{"line":27,"column":1}},"1":{"start":{"line":11,"column":4},"end":{"line":11,"column":26}},"2":{"start":{"line":12,"column":4},"end":{"line":26,"column":5}},"3":{"start":{"line":13,"column":25},"end":{"line":16,"column":10}},"4":{"start":{"line":18,"column":8},"end":{"line":22,"column":10}},"5":{"start":{"line":25,"column":8},"end":{"line":25,"column":40}},"6":{"start":{"line":29,"column":25},"end":{"line":41,"column":1}},"7":{"start":{"line":30,"column":4},"end":{"line":40,"column":5}},"8":{"start":{"line":31,"column":25},"end":{"line":31,"column":48}},"9":{"start":{"line":33,"column":8},"end":{"line":37,"column":11}},"10":{"start":{"line":39,"column":8},"end":{"line":39,"column":41}},"11":{"start":{"line":43,"column":28},"end":{"line":55,"column":1}},"12":{"start":{"line":44,"column":4},"end":{"line":54,"column":5}},"13":{"start":{"line":45,"column":25},"end":{"line":45,"column":52}},"14":{"start":{"line":47,"column":8},"end":{"line":51,"column":11}},"15":{"start":{"line":53,"column":8},"end":{"line":53,"column":40}},"16":{"start":{"line":57,"column":27},"end":{"line":68,"column":1}},"17":{"start":{"line":58,"column":4},"end":{"line":67,"column":5}},"18":{"start":{"line":59,"column":25},"end":{"line":59,"column":64}},"19":{"start":{"line":60,"column":8},"end":{"line":64,"column":10}},"20":{"start":{"line":66,"column":8},"end":{"line":66,"column":40}},"21":{"start":{"line":70,"column":27},"end":{"line":81,"column":1}},"22":{"start":{"line":71,"column":4},"end":{"line":80,"column":5}},"23":{"start":{"line":72,"column":25},"end":{"line":72,"column":79}},"24":{"start":{"line":73,"column":8},"end":{"line":77,"column":10}},"25":{"start":{"line":79,"column":8},"end":{"line":79,"column":40}}},"fnMap":{"0":{"name":"(anonymous_0)","decl":{"start":{"line":10,"column":27},"end":{"line":10,"column":28}},"loc":{"start":{"line":10,"column":47},"end":{"line":27,"column":1}},"line":10},"1":{"name":"(anonymous_1)","decl":{"start":{"line":29,"column":25},"end":{"line":29,"column":26}},"loc":{"start":{"line":29,"column":45},"end":{"line":41,"column":1}},"line":29},"2":{"name":"(anonymous_2)","decl":{"start":{"line":43,"column":28},"end":{"line":43,"column":29}},"loc":{"start":{"line":43,"column":48},"end":{"line":55,"column":1}},"line":43},"3":{"name":"(anonymous_3)","decl":{"start":{"line":57,"column":27},"end":{"line":57,"column":28}},"loc":{"start":{"line":57,"column":47},"end":{"line":68,"column":1}},"line":57},"4":{"name":"(anonymous_4)","decl":{"start":{"line":70,"column":27},"end":{"line":70,"column":28}},"loc":{"start":{"line":70,"column":47},"end":{"line":81,"column":1}},"line":70}},"branchMap":{},"s":{"0":1,"1":0,"2":0,"3":0,"4":0,"5":0,"6":1,"7":2,"8":2,"9":1,"10":1,"11":1,"12":0,"13":0,"14":0,"15":0,"16":1,"17":0,"18":0,"19":0,"20":0,"21":1,"22":0,"23":0,"24":0,"25":0},"f":{"0":0,"1":2,"2":0,"3":0,"4":0},"b":{},"_coverageSchema":"1a1c01bbd47fc00a2c39e90264f33305004495a9","hash":"08a16759dacbf7191fc858920e801c5de8c54ede"}
,"C:\\Users\\mohit\\TwitterApp\\src\\utils\\responses.js": {"path":"C:\\Users\\mohit\\TwitterApp\\src\\utils\\responses.js","statementMap":{"0":{"start":{"line":1,"column":29},"end":{"line":13,"column":1}},"1":{"start":{"line":2,"column":4},"end":{"line":2,"column":23}},"2":{"start":{"line":3,"column":4},"end":{"line":8,"column":5}},"3":{"start":{"line":4,"column":8},"end":{"line":7,"column":11}},"4":{"start":{"line":9,"column":4},"end":{"line":12,"column":6}}},"fnMap":{"0":{"name":"(anonymous_0)","decl":{"start":{"line":1,"column":29},"end":{"line":1,"column":30}},"loc":{"start":{"line":1,"column":45},"end":{"line":13,"column":1}},"line":1}},"branchMap":{"0":{"loc":{"start":{"line":3,"column":4},"end":{"line":8,"column":5}},"type":"if","locations":[{"start":{"line":3,"column":4},"end":{"line":8,"column":5}},{"start":{},"end":{}}],"line":3}},"s":{"0":1,"1":1,"2":1,"3":0,"4":1},"f":{"0":1},"b":{"0":[0,1]},"_coverageSchema":"1a1c01bbd47fc00a2c39e90264f33305004495a9","hash":"476b73dfb968fd19d361806bda6326ab537e3373"}
,"C:\\Users\\mohit\\TwitterApp\\src\\validations\\tweetZodSchema.js": {"path":"C:\\Users\\mohit\\TwitterApp\\src\\validations\\tweetZodSchema.js","statementMap":{"0":{"start":{"line":3,"column":30},"end":{"line":5,"column":2}}},"fnMap":{},"branchMap":{},"s":{"0":1},"f":{},"b":{},"_coverageSchema":"1a1c01bbd47fc00a2c39e90264f33305004495a9","hash":"0a154ec99d98891c9e77ba175e99e3c7618f2300"}
,"C:\\Users\\mohit\\TwitterApp\\tests\\mocker.js": {"path":"C:\\Users\\mohit\\TwitterApp\\tests\\mocker.js","statementMap":{"0":{"start":{"line":1,"column":29},"end":{"line":8,"column":1}},"1":{"start":{"line":2,"column":16},"end":{"line":2,"column":18}},"2":{"start":{"line":3,"column":4},"end":{"line":3,"column":46}},"3":{"start":{"line":4,"column":4},"end":{"line":4,"column":48}},"4":{"start":{"line":5,"column":4},"end":{"line":5,"column":46}},"5":{"start":{"line":7,"column":4},"end":{"line":7,"column":15}},"6":{"start":{"line":10,"column":29},"end":{"line":17,"column":1}},"7":{"start":{"line":11,"column":16},"end":{"line":11,"column":18}},"8":{"start":{"line":12,"column":4},"end":{"line":12,"column":46}},"9":{"start":{"line":13,"column":4},"end":{"line":13,"column":48}},"10":{"start":{"line":14,"column":4},"end":{"line":14,"column":47}},"11":{"start":{"line":16,"column":4},"end":{"line":16,"column":15}}},"fnMap":{"0":{"name":"(anonymous_0)","decl":{"start":{"line":1,"column":29},"end":{"line":1,"column":30}},"loc":{"start":{"line":1,"column":35},"end":{"line":8,"column":1}},"line":1},"1":{"name":"(anonymous_1)","decl":{"start":{"line":10,"column":29},"end":{"line":10,"column":30}},"loc":{"start":{"line":10,"column":35},"end":{"line":17,"column":1}},"line":10}},"branchMap":{},"s":{"0":1,"1":2,"2":2,"3":2,"4":2,"5":2,"6":1,"7":2,"8":2,"9":2,"10":2,"11":2},"f":{"0":2,"1":2},"b":{},"_coverageSchema":"1a1c01bbd47fc00a2c39e90264f33305004495a9","hash":"3a6c9fac443c2d355a0acf8b874db11214f256ca"}
}
